2024-01-26 15:27:26,874 - INFO - Temporary directory: /tmp/tmphswp9aq9
2024-01-26 15:27:26,874 - INFO - Creating temporary directory: /tmp/tmphswp9aq9
2024-01-26 15:27:26,874 - INFO - Copying files to temporary directory: /tmp/tmphswp9aq9
2024-01-26 15:27:27,046 - INFO - Flattening directories
2024-01-26 15:27:27,046 - INFO - Flattening cifar directory.
2024-01-26 15:27:27,062 - INFO - Flattening mnist directory.
2024-01-26 15:27:27,069 - INFO - Flattening cifar100 directory.
2024-01-26 15:27:27,077 - INFO - Removing unused files in directory: cifar with extension: .eps
2024-01-26 15:27:49,886 - INFO - Temporary directory: /tmp/tmpdt_cx1of
2024-01-26 15:27:49,886 - INFO - Creating temporary directory: /tmp/tmpdt_cx1of
2024-01-26 15:27:49,886 - INFO - Copying files to temporary directory: /tmp/tmpdt_cx1of
2024-01-26 15:27:50,056 - INFO - Flattening directories
2024-01-26 15:27:50,057 - INFO - Flattening cifar directory.
2024-01-26 15:27:50,072 - INFO - Flattening mnist directory.
2024-01-26 15:27:50,079 - INFO - Flattening cifar100 directory.
2024-01-26 15:27:50,087 - INFO - Removing unused files in directory: cifar with extension: .eps
2024-01-26 15:27:50,089 - INFO - Removing unused files in directory: mnist with extension: .eps
2024-01-26 15:27:50,091 - INFO - Removing unused files in directory: cifar100 with extension: .eps
2024-01-26 15:27:50,093 - INFO - Removing git directories
2024-01-26 15:27:50,093 - INFO - .git is a directory.
2024-01-26 15:27:50,129 - INFO - .github is a directory.
2024-01-26 15:27:50,129 - INFO - .gitignore not in use - deleting.
2024-01-26 15:27:50,130 - INFO - Replacing contents
2024-01-26 15:27:50,130 - INFO - Replacing image directory in cifar/aft_comparison.tex.
2024-01-26 15:27:50,130 - INFO - Replacing cifar with cifar_
2024-01-26 15:27:50,130 - INFO - Replacing mnist with mnist_
2024-01-26 15:27:50,130 - INFO - Replacing cifar100 with cifar100_
2024-01-26 15:27:50,131 - INFO - Replacing image directory in mnist/aft_comparison.tex.
2024-01-26 15:27:50,131 - INFO - Replacing cifar with cifar_
2024-01-26 15:27:50,131 - INFO - Replacing mnist with mnist_
2024-01-26 15:27:50,131 - INFO - Replacing cifar100 with cifar100_
2024-01-26 15:27:50,131 - INFO - Replacing image directory in cifar100/aft_comparison.tex.
2024-01-26 15:27:50,131 - INFO - Replacing cifar with cifar_
2024-01-26 15:27:50,131 - INFO - Replacing mnist with mnist_
2024-01-26 15:27:50,131 - INFO - Replacing cifar100 with cifar100_
2024-01-26 15:27:50,131 - INFO - Deleting files with extension: pdf
2024-01-26 15:27:50,132 - INFO - Deleting files with extension: py
2024-01-26 15:27:50,132 - INFO - arxiv.py not in use - deleting.
2024-01-26 15:27:50,133 - INFO - Deleting files with extension: yaml
2024-01-26 15:27:50,133 - INFO - dvc.yaml not in use - deleting.
2024-01-26 15:27:50,133 - INFO - .pre-commit-config.yaml not in use - deleting.
2024-01-26 15:27:50,133 - INFO - Deleting files with extension: csv
2024-01-26 15:27:50,134 - INFO - mnist_aft_comparison.csv not in use - deleting.
2024-01-26 15:27:50,134 - INFO - cifar_aft_comparison.csv not in use - deleting.
2024-01-26 15:27:50,134 - INFO - cifar100_aft_comparison.csv not in use - deleting.
2024-01-26 15:27:50,134 - INFO - cifar_data.csv not in use - deleting.
2024-01-26 15:27:50,135 - INFO - Deleting image directories
2024-01-26 15:27:50,135 - INFO - Removing cifar directory.
2024-01-26 15:27:50,137 - INFO - Removing mnist directory.
2024-01-26 15:27:50,138 - INFO - Removing cifar100 directory.
2024-01-26 15:27:50,140 - INFO - Zipping temporary directory: /tmp/tmpdt_cx1of
2024-01-26 15:27:50,559 - INFO - Deleting temporary directory: /tmp/tmpdt_cx1of
2024-01-26 15:28:29,717 - INFO - Temporary directory: /tmp/tmpcwbbd7_a
2024-01-26 15:28:29,717 - INFO - Creating temporary directory: /tmp/tmpcwbbd7_a
2024-01-26 15:28:29,717 - INFO - Copying files to temporary directory: /tmp/tmpcwbbd7_a
2024-01-26 15:28:29,892 - INFO - Flattening directories
2024-01-26 15:28:29,892 - INFO - Flattening cifar directory.
2024-01-26 15:28:29,907 - INFO - Flattening mnist directory.
2024-01-26 15:28:29,915 - INFO - Flattening cifar100 directory.
2024-01-26 15:28:29,923 - INFO - Removing unused files in directory: cifar with extension: .eps
2024-01-26 15:28:29,925 - INFO - Removing unused files in directory: mnist with extension: .eps
2024-01-26 15:28:29,927 - INFO - Removing unused files in directory: cifar100 with extension: .eps
2024-01-26 15:28:29,929 - INFO - Removing git directories
2024-01-26 15:28:29,929 - INFO - .git is a directory.
2024-01-26 15:28:29,965 - INFO - .github is a directory.
2024-01-26 15:28:29,966 - INFO - .gitignore not in use - deleting.
2024-01-26 15:28:29,966 - INFO - Replacing contents
2024-01-26 15:28:29,966 - INFO - Replacing image directory in cifar/aft_comparison.tex.
2024-01-26 15:28:29,967 - INFO - Replacing cifar with cifar_
2024-01-26 15:28:29,967 - INFO - Replacing mnist with mnist_
2024-01-26 15:28:29,967 - INFO - Replacing cifar100 with cifar100_
2024-01-26 15:28:29,967 - INFO - Replacing image directory in mnist/aft_comparison.tex.
2024-01-26 15:28:29,967 - INFO - Replacing cifar with cifar_
2024-01-26 15:28:29,967 - INFO - Replacing mnist with mnist_
2024-01-26 15:28:29,967 - INFO - Replacing cifar100 with cifar100_
2024-01-26 15:28:29,967 - INFO - Replacing image directory in cifar100/aft_comparison.tex.
2024-01-26 15:28:29,967 - INFO - Replacing cifar with cifar_
2024-01-26 15:28:29,967 - INFO - Replacing mnist with mnist_
2024-01-26 15:28:29,967 - INFO - Replacing cifar100 with cifar100_
2024-01-26 15:28:29,968 - INFO - Deleting files with extension: pdf
2024-01-26 15:28:29,968 - INFO - Deleting files with extension: py
2024-01-26 15:28:29,968 - INFO - arxiv.py not in use - deleting.
2024-01-26 15:28:29,969 - INFO - Deleting files with extension: yaml
2024-01-26 15:28:29,969 - INFO - .pre-commit-config.yaml not in use - deleting.
2024-01-26 15:28:29,969 - INFO - dvc.yaml not in use - deleting.
2024-01-26 15:28:29,969 - INFO - Deleting files with extension: csv
2024-01-26 15:28:29,970 - INFO - cifar_data.csv not in use - deleting.
2024-01-26 15:28:29,970 - INFO - mnist_aft_comparison.csv not in use - deleting.
2024-01-26 15:28:29,970 - INFO - cifar100_aft_comparison.csv not in use - deleting.
2024-01-26 15:28:29,970 - INFO - cifar_aft_comparison.csv not in use - deleting.
2024-01-26 15:28:29,971 - INFO - Deleting image directories
2024-01-26 15:28:29,971 - INFO - Removing cifar directory.
2024-01-26 15:28:29,972 - INFO - Removing mnist directory.
2024-01-26 15:28:29,974 - INFO - Removing cifar100 directory.
2024-01-26 15:28:29,975 - INFO - Zipping temporary directory: /tmp/tmpcwbbd7_a
2024-01-26 15:28:30,565 - INFO - Deleting temporary directory: /tmp/tmpcwbbd7_a
