This is pdfTeX, Version 3.141592653-2.6-1.40.25 (TeX Live 2023) (preloaded format=pdflatex 2023.8.28)  25 JAN 2024 18:49
entering extended mode
 \write18 enabled.
 %&-line parsing enabled.
**main.tex
(./main.tex
LaTeX2e <2023-06-01> patch level 1
L3 programming layer <2023-06-30>
(/usr/local/texlive/2023/texmf-dist/tex/latex/base/article.cls
Document Class: article 2023/05/17 v1.4n Standard LaTeX document class
(/usr/local/texlive/2023/texmf-dist/tex/latex/base/size10.clo
File: size10.clo 2023/05/17 v1.4n Standard LaTeX file (size option)
)
\c@part=\count185
\c@section=\count186
\c@subsection=\count187
\c@subsubsection=\count188
\c@paragraph=\count189
\c@subparagraph=\count190
\c@figure=\count191
\c@table=\count192
\abovecaptionskip=\skip48
\belowcaptionskip=\skip49
\bibindent=\dimen140
) (/usr/local/texlive/2023/texmf-dist/tex/latex/base/inputenc.sty
Package: inputenc 2021/02/14 v1.3d Input encoding file
\inpenc@prehook=\toks17
\inpenc@posthook=\toks18
) (/usr/local/texlive/2023/texmf-dist/tex/latex/amsmath/amsmath.sty
Package: amsmath 2023/05/13 v2.17o AMS math features
\@mathmargin=\skip50
For additional information on amsmath, use the `?' option.
(/usr/local/texlive/2023/texmf-dist/tex/latex/amsmath/amstext.sty
Package: amstext 2021/08/26 v2.01 AMS text
(/usr/local/texlive/2023/texmf-dist/tex/latex/amsmath/amsgen.sty
File: amsgen.sty 1999/11/30 v2.0 generic functions
\@emptytoks=\toks19
\ex@=\dimen141
)) (/usr/local/texlive/2023/texmf-dist/tex/latex/amsmath/amsbsy.sty
Package: amsbsy 1999/11/29 v1.2d Bold Symbols
\pmbraise@=\dimen142
) (/usr/local/texlive/2023/texmf-dist/tex/latex/amsmath/amsopn.sty
Package: amsopn 2022/04/08 v2.04 operator names
)
\inf@bad=\count193
LaTeX Info: Redefining \frac on input line 234.
\uproot@=\count194
\leftroot@=\count195
LaTeX Info: Redefining \overline on input line 399.
LaTeX Info: Redefining \colon on input line 410.
\classnum@=\count196
\DOTSCASE@=\count197
LaTeX Info: Redefining \ldots on input line 496.
LaTeX Info: Redefining \dots on input line 499.
LaTeX Info: Redefining \cdots on input line 620.
\Mathstrutbox@=\box51
\strutbox@=\box52
LaTeX Info: Redefining \big on input line 722.
LaTeX Info: Redefining \Big on input line 723.
LaTeX Info: Redefining \bigg on input line 724.
LaTeX Info: Redefining \Bigg on input line 725.
\big@size=\dimen143
LaTeX Font Info:    Redeclaring font encoding OML on input line 743.
LaTeX Font Info:    Redeclaring font encoding OMS on input line 744.
\macc@depth=\count198
LaTeX Info: Redefining \bmod on input line 905.
LaTeX Info: Redefining \pmod on input line 910.
LaTeX Info: Redefining \smash on input line 940.
LaTeX Info: Redefining \relbar on input line 970.
LaTeX Info: Redefining \Relbar on input line 971.
\c@MaxMatrixCols=\count199
\dotsspace@=\muskip16
\c@parentequation=\count266
\dspbrk@lvl=\count267
\tag@help=\toks20
\row@=\count268
\column@=\count269
\maxfields@=\count270
\andhelp@=\toks21
\eqnshift@=\dimen144
\alignsep@=\dimen145
\tagshift@=\dimen146
\tagwidth@=\dimen147
\totwidth@=\dimen148
\lineht@=\dimen149
\@envbody=\toks22
\multlinegap=\skip51
\multlinetaggap=\skip52
\mathdisplay@stack=\toks23
LaTeX Info: Redefining \[ on input line 2953.
LaTeX Info: Redefining \] on input line 2954.
) (/usr/local/texlive/2023/texmf-dist/tex/latex/amsfonts/amssymb.sty
Package: amssymb 2013/01/14 v3.01 AMS font symbols
(/usr/local/texlive/2023/texmf-dist/tex/latex/amsfonts/amsfonts.sty
Package: amsfonts 2013/01/14 v3.01 Basic AMSFonts support
\symAMSa=\mathgroup4
\symAMSb=\mathgroup5
LaTeX Font Info:    Redeclaring math symbol \hbar on input line 98.
LaTeX Font Info:    Overwriting math alphabet `\mathfrak' in version `bold'
(Font)                  U/euf/m/n --> U/euf/b/n on input line 106.
)) (/usr/local/texlive/2023/texmf-dist/tex/latex/natbib/natbib.sty
Package: natbib 2010/09/13 8.31b (PWD, AO)
\bibhang=\skip53
\bibsep=\skip54
LaTeX Info: Redefining \cite on input line 694.
\c@NAT@ctr=\count271
) (/usr/local/texlive/2023/texmf-dist/tex/latex/xcolor/xcolor.sty
Package: xcolor 2022/06/12 v2.14 LaTeX color extensions (UK)
(/usr/local/texlive/2023/texmf-dist/tex/latex/graphics-cfg/color.cfg
File: color.cfg 2016/01/02 v1.6 sample color configuration
)
Package xcolor Info: Driver file: pdftex.def on input line 227.
(/usr/local/texlive/2023/texmf-dist/tex/latex/graphics-def/pdftex.def
File: pdftex.def 2022/09/22 v1.2b Graphics/color driver for pdftex
) (/usr/local/texlive/2023/texmf-dist/tex/latex/graphics/mathcolor.ltx)
Package xcolor Info: Model `cmy' substituted by `cmy0' on input line 1353.
Package xcolor Info: Model `hsb' substituted by `rgb' on input line 1357.
Package xcolor Info: Model `RGB' extended on input line 1369.
Package xcolor Info: Model `HTML' substituted by `rgb' on input line 1371.
Package xcolor Info: Model `Hsb' substituted by `hsb' on input line 1372.
Package xcolor Info: Model `tHsb' substituted by `hsb' on input line 1373.
Package xcolor Info: Model `HSB' substituted by `hsb' on input line 1374.
Package xcolor Info: Model `Gray' substituted by `gray' on input line 1375.
Package xcolor Info: Model `wave' substituted by `hsb' on input line 1376.
) (/usr/local/texlive/2023/texmf-dist/tex/latex/tools/xspace.sty
Package: xspace 2014/10/28 v1.13 Space after command names (DPC,MH)
) (/usr/local/texlive/2023/texmf-dist/tex/latex/graphics/graphicx.sty
Package: graphicx 2021/09/16 v1.2d Enhanced LaTeX Graphics (DPC,SPQR)
(/usr/local/texlive/2023/texmf-dist/tex/latex/graphics/keyval.sty
Package: keyval 2022/05/29 v1.15 key=value parser (DPC)
\KV@toks@=\toks24
) (/usr/local/texlive/2023/texmf-dist/tex/latex/graphics/graphics.sty
Package: graphics 2022/03/10 v1.4e Standard LaTeX Graphics (DPC,SPQR)
(/usr/local/texlive/2023/texmf-dist/tex/latex/graphics/trig.sty
Package: trig 2021/08/11 v1.11 sin cos tan (DPC)
) (/usr/local/texlive/2023/texmf-dist/tex/latex/graphics-cfg/graphics.cfg
File: graphics.cfg 2016/06/04 v1.11 sample graphics configuration
)
Package graphics Info: Driver file: pdftex.def on input line 107.
)
\Gin@req@height=\dimen150
\Gin@req@width=\dimen151
) (/usr/local/texlive/2023/texmf-dist/tex/latex/booktabs/booktabs.sty
Package: booktabs 2020/01/12 v1.61803398 Publication quality tables
\heavyrulewidth=\dimen152
\lightrulewidth=\dimen153
\cmidrulewidth=\dimen154
\belowrulesep=\dimen155
\belowbottomsep=\dimen156
\aboverulesep=\dimen157
\abovetopsep=\dimen158
\cmidrulesep=\dimen159
\cmidrulekern=\dimen160
\defaultaddspace=\dimen161
\@cmidla=\count272
\@cmidlb=\count273
\@aboverulesep=\dimen162
\@belowrulesep=\dimen163
\@thisruleclass=\count274
\@lastruleclass=\count275
\@thisrulewidth=\dimen164
) (/usr/local/texlive/2023/texmf-dist/tex/latex/hyperref/hyperref.sty
Package: hyperref 2023-07-08 v7.01b Hypertext links for LaTeX
(/usr/local/texlive/2023/texmf-dist/tex/generic/ltxcmds/ltxcmds.sty
Package: ltxcmds 2020-05-10 v1.25 LaTeX kernel commands for general use (HO)
) (/usr/local/texlive/2023/texmf-dist/tex/generic/iftex/iftex.sty
Package: iftex 2022/02/03 v1.0f TeX engine tests
) (/usr/local/texlive/2023/texmf-dist/tex/generic/pdftexcmds/pdftexcmds.sty
Package: pdftexcmds 2020-06-27 v0.33 Utility functions of pdfTeX for LuaTeX (HO)
(/usr/local/texlive/2023/texmf-dist/tex/generic/infwarerr/infwarerr.sty
Package: infwarerr 2019/12/03 v1.5 Providing info/warning/error messages (HO)
)
Package pdftexcmds Info: \pdf@primitive is available.
Package pdftexcmds Info: \pdf@ifprimitive is available.
Package pdftexcmds Info: \pdfdraftmode found.
) (/usr/local/texlive/2023/texmf-dist/tex/latex/kvsetkeys/kvsetkeys.sty
Package: kvsetkeys 2022-10-05 v1.19 Key value parser (HO)
) (/usr/local/texlive/2023/texmf-dist/tex/generic/kvdefinekeys/kvdefinekeys.sty
Package: kvdefinekeys 2019-12-19 v1.6 Define keys (HO)
) (/usr/local/texlive/2023/texmf-dist/tex/generic/pdfescape/pdfescape.sty
Package: pdfescape 2019/12/09 v1.15 Implements pdfTeX's escape features (HO)
) (/usr/local/texlive/2023/texmf-dist/tex/latex/hycolor/hycolor.sty
Package: hycolor 2020-01-27 v1.10 Color options for hyperref/bookmark (HO)
) (/usr/local/texlive/2023/texmf-dist/tex/latex/letltxmacro/letltxmacro.sty
Package: letltxmacro 2019/12/03 v1.6 Let assignment for LaTeX macros (HO)
) (/usr/local/texlive/2023/texmf-dist/tex/latex/auxhook/auxhook.sty
Package: auxhook 2019-12-17 v1.6 Hooks for auxiliary files (HO)
) (/usr/local/texlive/2023/texmf-dist/tex/latex/hyperref/nameref.sty
Package: nameref 2023-08-07 v2.53 Cross-referencing by name of section
(/usr/local/texlive/2023/texmf-dist/tex/latex/refcount/refcount.sty
Package: refcount 2019/12/15 v3.6 Data extraction from label references (HO)
) (/usr/local/texlive/2023/texmf-dist/tex/generic/gettitlestring/gettitlestring.sty
Package: gettitlestring 2019/12/15 v1.6 Cleanup title references (HO)
(/usr/local/texlive/2023/texmf-dist/tex/latex/kvoptions/kvoptions.sty
Package: kvoptions 2022-06-15 v3.15 Key value format for package options (HO)
))
\c@section@level=\count276
) (/usr/local/texlive/2023/texmf-dist/tex/latex/etoolbox/etoolbox.sty
Package: etoolbox 2020/10/05 v2.5k e-TeX tools for LaTeX (JAW)
\etb@tempcnta=\count277
)
\@linkdim=\dimen165
\Hy@linkcounter=\count278
\Hy@pagecounter=\count279
(/usr/local/texlive/2023/texmf-dist/tex/latex/hyperref/pd1enc.def
File: pd1enc.def 2023-07-08 v7.01b Hyperref: PDFDocEncoding definition (HO)
Now handling font encoding PD1 ...
... no UTF-8 mapping file for font encoding PD1
) (/usr/local/texlive/2023/texmf-dist/tex/generic/intcalc/intcalc.sty
Package: intcalc 2019/12/15 v1.3 Expandable calculations with integers (HO)
)
\Hy@SavedSpaceFactor=\count280
(/usr/local/texlive/2023/texmf-dist/tex/latex/hyperref/puenc.def
File: puenc.def 2023-07-08 v7.01b Hyperref: PDF Unicode definition (HO)
Now handling font encoding PU ...
... no UTF-8 mapping file for font encoding PU
)
Package hyperref Info: Hyper figures OFF on input line 4167.
Package hyperref Info: Link nesting OFF on input line 4172.
Package hyperref Info: Hyper index ON on input line 4175.
Package hyperref Info: Plain pages OFF on input line 4182.
Package hyperref Info: Backreferencing OFF on input line 4187.
Package hyperref Info: Implicit mode ON; LaTeX internals redefined.
Package hyperref Info: Bookmarks ON on input line 4434.
\c@Hy@tempcnt=\count281
(/usr/local/texlive/2023/texmf-dist/tex/latex/url/url.sty
\Urlmuskip=\muskip17
Package: url 2013/09/16  ver 3.4  Verb mode for urls, etc.
)
LaTeX Info: Redefining \url on input line 4772.
\XeTeXLinkMargin=\dimen166
(/usr/local/texlive/2023/texmf-dist/tex/generic/bitset/bitset.sty
Package: bitset 2019/12/09 v1.3 Handle bit-vector datatype (HO)
(/usr/local/texlive/2023/texmf-dist/tex/generic/bigintcalc/bigintcalc.sty
Package: bigintcalc 2019/12/15 v1.5 Expandable calculations on big integers (HO)
))
\Fld@menulength=\count282
\Field@Width=\dimen167
\Fld@charsize=\dimen168
Package hyperref Info: Hyper figures OFF on input line 6051.
Package hyperref Info: Link nesting OFF on input line 6056.
Package hyperref Info: Hyper index ON on input line 6059.
Package hyperref Info: backreferencing OFF on input line 6066.
Package hyperref Info: Link coloring OFF on input line 6071.
Package hyperref Info: Link coloring with OCG OFF on input line 6076.
Package hyperref Info: PDF/A mode OFF on input line 6081.
(/usr/local/texlive/2023/texmf-dist/tex/latex/base/atbegshi-ltx.sty
Package: atbegshi-ltx 2021/01/10 v1.0c Emulation of the original atbegshi
package with kernel methods
)
\Hy@abspage=\count283
\c@Item=\count284
\c@Hfootnote=\count285
)
Package hyperref Info: Driver (autodetected): hpdftex.
(/usr/local/texlive/2023/texmf-dist/tex/latex/hyperref/hpdftex.def
File: hpdftex.def 2023-07-08 v7.01b Hyperref driver for pdfTeX
(/usr/local/texlive/2023/texmf-dist/tex/latex/base/atveryend-ltx.sty
Package: atveryend-ltx 2020/08/19 v1.0a Emulation of the original atveryend package
with kernel methods
)
\Fld@listcount=\count286
\c@bookmark@seq@number=\count287
(/usr/local/texlive/2023/texmf-dist/tex/latex/rerunfilecheck/rerunfilecheck.sty
Package: rerunfilecheck 2022-07-10 v1.10 Rerun checks for auxiliary files (HO)
(/usr/local/texlive/2023/texmf-dist/tex/generic/uniquecounter/uniquecounter.sty
Package: uniquecounter 2019/12/15 v1.4 Provide unlimited unique counter (HO)
)
Package uniquecounter Info: New unique counter `rerunfilecheck' on input line 285.
)
\Hy@SectionHShift=\skip55
) (/usr/local/texlive/2023/texmf-dist/tex/latex/preprint/authblk.sty
Package: authblk 2001/02/27 1.3 (PWD)
\affilsep=\skip56
\@affilsep=\skip57
\c@Maxaffil=\count288
\c@authors=\count289
\c@affil=\count290
) (/usr/local/texlive/2023/texmf-dist/tex/latex/placeins/placeins.sty
Package: placeins 2005/04/18  v 2.2
) (/usr/local/texlive/2023/texmf-dist/tex/latex/caption/caption.sty
Package: caption 2023/03/12 v3.6j Customizing captions (AR)
(/usr/local/texlive/2023/texmf-dist/tex/latex/caption/caption3.sty
Package: caption3 2023/03/12 v2.4 caption3 kernel (AR)
\caption@tempdima=\dimen169
\captionmargin=\dimen170
\caption@leftmargin=\dimen171
\caption@rightmargin=\dimen172
\caption@width=\dimen173
\caption@indent=\dimen174
\caption@parindent=\dimen175
\caption@hangindent=\dimen176
Package caption Info: Standard document class detected.
)
\c@caption@flags=\count291
\c@continuedfloat=\count292
Package caption Info: hyperref package is loaded.
) (/usr/local/texlive/2023/texmf-dist/tex/latex/caption/subcaption.sty
Package: subcaption 2023/02/19 v1.6 Sub-captions (AR)
Package caption Info: New subtype `subfigure' on input line 239.
\c@subfigure=\count293
Package caption Info: New subtype `subtable' on input line 239.
\c@subtable=\count294
)
\c@definition=\count295
\c@lemma=\count296
(/usr/local/texlive/2023/texmf-dist/tex/latex/l3backend/l3backend-pdftex.def
File: l3backend-pdftex.def 2023-04-19 L3 backend support: PDF output (pdfTeX)
\l__color_backend_stack_int=\count297
\l__pdf_internal_box=\box53
) (./output.aux)
\openout1 = `output.aux'.

LaTeX Font Info:    Checking defaults for OML/cmm/m/it on input line 50.
LaTeX Font Info:    ... okay on input line 50.
LaTeX Font Info:    Checking defaults for OMS/cmsy/m/n on input line 50.
LaTeX Font Info:    ... okay on input line 50.
LaTeX Font Info:    Checking defaults for OT1/cmr/m/n on input line 50.
LaTeX Font Info:    ... okay on input line 50.
LaTeX Font Info:    Checking defaults for T1/cmr/m/n on input line 50.
LaTeX Font Info:    ... okay on input line 50.
LaTeX Font Info:    Checking defaults for TS1/cmr/m/n on input line 50.
LaTeX Font Info:    ... okay on input line 50.
LaTeX Font Info:    Checking defaults for OMX/cmex/m/n on input line 50.
LaTeX Font Info:    ... okay on input line 50.
LaTeX Font Info:    Checking defaults for U/cmr/m/n on input line 50.
LaTeX Font Info:    ... okay on input line 50.
LaTeX Font Info:    Checking defaults for PD1/pdf/m/n on input line 50.
LaTeX Font Info:    ... okay on input line 50.
LaTeX Font Info:    Checking defaults for PU/pdf/m/n on input line 50.
LaTeX Font Info:    ... okay on input line 50.
(/usr/local/texlive/2023/texmf-dist/tex/context/base/mkii/supp-pdf.mkii
[Loading MPS to PDF converter (version 2006.09.02).]
\scratchcounter=\count298
\scratchdimen=\dimen177
\scratchbox=\box54
\nofMPsegments=\count299
\nofMParguments=\count300
\everyMPshowfont=\toks25
\MPscratchCnt=\count301
\MPscratchDim=\dimen178
\MPnumerator=\count302
\makeMPintoPDFobject=\count303
\everyMPtoPDFconversion=\toks26
) (/usr/local/texlive/2023/texmf-dist/tex/latex/epstopdf-pkg/epstopdf-base.sty
Package: epstopdf-base 2020-01-24 v2.11 Base part for package epstopdf
Package epstopdf-base Info: Redefining graphics rule for `.eps' on input line 485.
(/usr/local/texlive/2023/texmf-dist/tex/latex/latexconfig/epstopdf-sys.cfg
File: epstopdf-sys.cfg 2010/07/13 v1.3 Configuration of (r)epstopdf for TeX Live
))
Package hyperref Info: Link coloring OFF on input line 50.
(./output.out) (./output.out)
\@outlinefile=\write3
\openout3 = `output.out'.

Package caption Info: Begin \AtBeginDocument code.
Package caption Info: End \AtBeginDocument code.
LaTeX Font Info:    Trying to load font information for U+msa on input line 51.
(/usr/local/texlive/2023/texmf-dist/tex/latex/amsfonts/umsa.fd
File: umsa.fd 2013/01/14 v3.01 AMS symbols A
)
LaTeX Font Info:    Trying to load font information for U+msb on input line 51.
(/usr/local/texlive/2023/texmf-dist/tex/latex/amsfonts/umsb.fd
File: umsb.fd 2013/01/14 v3.01 AMS symbols B
) (./0-abstract.tex) (./1-introduction.tex [1

{/usr/local/texlive/2023/texmf-var/fonts/map/pdftex/updmap/pdftex.map}] [2]) (./2-background.tex [3{/usr/local/texlive/2023/texmf-dist/fonts/enc/dvips/cm-super/cm-super-ts1.enc}] [4] [5]) (./3-afr.tex [6]
Overfull \hbox (1.3062pt too wide) in paragraph at lines 6--7
[]\OT1/cmr/m/n/10 Under the as-sump-tion of ac-cel-er-ated fail-ure time []Klein-baum and Klein[] [[]1996[]],
 []


Overfull \hbox (0.67416pt too wide) in paragraph at lines 27--29
\OT1/cmr/m/n/10 where $\OML/cmm/m/it/10 ^^R \OT1/cmr/m/n/10 = (\OML/cmm/m/it/10 ; ^^L\OT1/cmr/m/n/10 )$, the $\OML/cmm/m/it/10 x \OT1/cmr/m/n/10 = (\OML/cmm/m/it/10 x[]; [] ; x[]\OT1/cmr/m/n/10 )$ is the set of co-vari-ates and $\OML/cmm/m/it/10 y \OT1/cmr/m/n/10 = (\OML/cmm/m/it/10 y[]; [] ; y[]\OT1/cmr/m/n/10 )$
 []

[7]) (./4-methods.tex
Overfull \hbox (64.13976pt too wide) in paragraph at lines 79--1
\OT1/cmr/m/n/10 dards [][][] [[]2018[]], [][][]
 []

[8] [9]
Overfull \hbox (19.01895pt too wide) in paragraph at lines 19--20
\OT1/cmr/m/n/10 model [[]Zant-edeschi et al.[], []2017[]]. We tested noise lev-els in $\OMS/cmsy/m/n/10 f\OML/cmm/m/it/10 :\OT1/cmr/m/n/10 001\OML/cmm/m/it/10 ; :\OT1/cmr/m/n/10 01\OML/cmm/m/it/10 ; :\OT1/cmr/m/n/10 1\OML/cmm/m/it/10 ; :\OT1/cmr/m/n/10 3\OML/cmm/m/it/10 ; :\OT1/cmr/m/n/10 5\OML/cmm/m/it/10 ; \OT1/cmr/m/n/10 1\OMS/cmsy/m/n/10 g$\OT1/cmr/m/n/10 . 
 []


Overfull \hbox (3.54678pt too wide) in paragraph at lines 21--22
\OT1/cmr/m/n/10 through costly train-ing it-er-a-tions. We tested lev-els in $\OMS/cmsy/m/n/10 f\OML/cmm/m/it/10 :\OT1/cmr/m/n/10 001\OML/cmm/m/it/10 ; :\OT1/cmr/m/n/10 01\OML/cmm/m/it/10 ; :\OT1/cmr/m/n/10 1\OML/cmm/m/it/10 ; :\OT1/cmr/m/n/10 3\OML/cmm/m/it/10 ; :\OT1/cmr/m/n/10 5\OML/cmm/m/it/10 ; \OT1/cmr/m/n/10 1\OMS/cmsy/m/n/10 g$\OT1/cmr/m/n/10 . 
 []

[10] [11]) (./5-results.tex [12]
Package epstopdf Info: Source file: <cifar100_weibull_aft.eps>
(epstopdf)                    date: 2024-01-25 18:48:50
(epstopdf)                    size: 44511 bytes
(epstopdf)             Output file: <cifar100_weibull_aft-eps-converted-to.pdf>
(epstopdf)                    date: 2024-01-25 18:48:52
(epstopdf)                    size: 29968 bytes
(epstopdf)             Command: <epstopdf --outfile=cifar100_weibull_aft-eps-converted-to.pdf cifar100_weibull_aft.eps>
(epstopdf)             \includegraphics on input line 35.
Package epstopdf Info: Output file is already uptodate.
<cifar100_weibull_aft-eps-converted-to.pdf, id=607, 463.7325pt x 347.2975pt>
File: cifar100_weibull_aft-eps-converted-to.pdf Graphic file (type pdf)
<use cifar100_weibull_aft-eps-converted-to.pdf>
Package pdftex.def Info: cifar100_weibull_aft-eps-converted-to.pdf  used on input line 35.
(pdftex.def)             Requested size: 110.40253pt x 82.68008pt.
Package epstopdf Info: Source file: <cifar100_log_normal_aft.eps>
(epstopdf)                    date: 2024-01-25 18:48:50
(epstopdf)                    size: 41426 bytes
(epstopdf)             Output file: <cifar100_log_normal_aft-eps-converted-to.pdf>
(epstopdf)                    date: 2024-01-25 18:48:52
(epstopdf)                    size: 24419 bytes
(epstopdf)             Command: <epstopdf --outfile=cifar100_log_normal_aft-eps-converted-to.pdf cifar100_log_normal_aft.eps>
(epstopdf)             \includegraphics on input line 40.
Package epstopdf Info: Output file is already uptodate.
<cifar100_log_normal_aft-eps-converted-to.pdf, id=608, 463.7325pt x 347.2975pt>
File: cifar100_log_normal_aft-eps-converted-to.pdf Graphic file (type pdf)
<use cifar100_log_normal_aft-eps-converted-to.pdf>
Package pdftex.def Info: cifar100_log_normal_aft-eps-converted-to.pdf  used on input line 40.
(pdftex.def)             Requested size: 110.40253pt x 82.68008pt.
Package epstopdf Info: Source file: <cifar100_log_logistic_aft.eps>
(epstopdf)                    date: 2024-01-25 18:48:50
(epstopdf)                    size: 47394 bytes
(epstopdf)             Output file: <cifar100_log_logistic_aft-eps-converted-to.pdf>
(epstopdf)                    date: 2024-01-25 18:48:52
(epstopdf)                    size: 31817 bytes
(epstopdf)             Command: <epstopdf --outfile=cifar100_log_logistic_aft-eps-converted-to.pdf cifar100_log_logistic_aft.eps>
(epstopdf)             \includegraphics on input line 45.
Package epstopdf Info: Output file is already uptodate.
<cifar100_log_logistic_aft-eps-converted-to.pdf, id=609, 463.7325pt x 347.2975pt>
File: cifar100_log_logistic_aft-eps-converted-to.pdf Graphic file (type pdf)
<use cifar100_log_logistic_aft-eps-converted-to.pdf>
Package pdftex.def Info: cifar100_log_logistic_aft-eps-converted-to.pdf  used on input line 45.
(pdftex.def)             Requested size: 110.40253pt x 82.68008pt.
(./cifar100_aft_comparison.tex
Overfull \hbox (20.72281pt too wide) in paragraph at lines 5--14
 [][] 
 []

)
Package epstopdf Info: Source file: <cifar100_log_normal_layers_partial_effect.eps>
(epstopdf)                    date: 2024-01-25 18:48:50
(epstopdf)                    size: 44746 bytes
(epstopdf)             Output file: <cifar100_log_normal_layers_partial_effect-eps-converted-to.pdf>
(epstopdf)                    date: 2024-01-25 18:48:52
(epstopdf)                    size: 26416 bytes
(epstopdf)             Command: <epstopdf --outfile=cifar100_log_normal_layers_partial_effect-eps-converted-to.pdf cifar100_log_normal_layers_partial_effect.eps>
(epstopdf)             \includegraphics on input line 53.
Package epstopdf Info: Output file is already uptodate.
<cifar100_log_normal_layers_partial_effect-eps-converted-to.pdf, id=616, 463.7325pt x 347.2975pt>
File: cifar100_log_normal_layers_partial_effect-eps-converted-to.pdf Graphic file (type pdf)
<use cifar100_log_normal_layers_partial_effect-eps-converted-to.pdf>
Package pdftex.def Info: cifar100_log_normal_layers_partial_effect-eps-converted-to.pdf  used on input line 53.
(pdftex.def)             Requested size: 172.5pt x 129.18697pt.
[13]) (./6-conclusions.tex [14 <./cifar100_weibull_aft-eps-converted-to.pdf> <./cifar100_log_normal_aft-eps-converted-to.pdf> <./cifar100_log_logistic_aft-eps-converted-to.pdf>]) (./output.bbl [15 <./cifar100_log_normal_layers_partial_effect-eps-converted-to.pdf>] [16]
Underfull \hbox (badness 1946) in paragraph at lines 98--101
\OT1/cmr/m/n/10 Com-pute and en-ergy con-sump-tion trends in deep learn-ing in-fer-ence.
 []

[17] [18] [19] [20]) (./appendix.tex
Package epstopdf Info: Source file: <cifar_def_param_vs_accuracy.eps>
(epstopdf)                    date: 2024-01-25 18:48:50
(epstopdf)                    size: 35480 bytes
(epstopdf)             Output file: <cifar_def_param_vs_accuracy-eps-converted-to.pdf>
(epstopdf)                    date: 2024-01-25 18:48:52
(epstopdf)                    size: 20407 bytes
(epstopdf)             Command: <epstopdf --outfile=cifar_def_param_vs_accuracy-eps-converted-to.pdf cifar_def_param_vs_accuracy.eps>
(epstopdf)             \includegraphics on input line 14.
Package epstopdf Info: Output file is already uptodate.
<cifar_def_param_vs_accuracy-eps-converted-to.pdf, id=938, 521.95pt x 361.35pt>
File: cifar_def_param_vs_accuracy-eps-converted-to.pdf Graphic file (type pdf)
<use cifar_def_param_vs_accuracy-eps-converted-to.pdf>
Package pdftex.def Info: cifar_def_param_vs_accuracy-eps-converted-to.pdf  used on input line 14.
(pdftex.def)             Requested size: 155.24895pt x 107.47952pt.
Package epstopdf Info: Source file: <cifar_atk_param_vs_accuracy.eps>
(epstopdf)                    date: 2024-01-25 18:48:50
(epstopdf)                    size: 37493 bytes
(epstopdf)             Output file: <cifar_atk_param_vs_accuracy-eps-converted-to.pdf>
(epstopdf)                    date: 2024-01-25 18:48:52
(epstopdf)                    size: 22568 bytes
(epstopdf)             Command: <epstopdf --outfile=cifar_atk_param_vs_accuracy-eps-converted-to.pdf cifar_atk_param_vs_accuracy.eps>
(epstopdf)             \includegraphics on input line 18.
Package epstopdf Info: Output file is already uptodate.
<cifar_atk_param_vs_accuracy-eps-converted-to.pdf, id=939, 521.95pt x 361.35pt>
File: cifar_atk_param_vs_accuracy-eps-converted-to.pdf Graphic file (type pdf)
<use cifar_atk_param_vs_accuracy-eps-converted-to.pdf>
Package pdftex.def Info: cifar_atk_param_vs_accuracy-eps-converted-to.pdf  used on input line 18.
(pdftex.def)             Requested size: 155.24895pt x 107.47952pt.
Package epstopdf Info: Source file: <cifar100_def_param_vs_adv_failure_rate.eps>
(epstopdf)                    date: 2024-01-25 18:48:50
(epstopdf)                    size: 37536 bytes
(epstopdf)             Output file: <cifar100_def_param_vs_adv_failure_rate-eps-converted-to.pdf>
(epstopdf)                    date: 2024-01-25 18:48:52
(epstopdf)                    size: 21950 bytes
(epstopdf)             Command: <epstopdf --outfile=cifar100_def_param_vs_adv_failure_rate-eps-converted-to.pdf cifar100_def_param_vs_adv_failure_rate.eps>
(epstopdf)             \includegraphics on input line 27.
Package epstopdf Info: Output file is already uptodate.
<cifar100_def_param_vs_adv_failure_rate-eps-converted-to.pdf, id=942, 521.95pt x 361.35pt>
File: cifar100_def_param_vs_adv_failure_rate-eps-converted-to.pdf Graphic file (type pdf)
<use cifar100_def_param_vs_adv_failure_rate-eps-converted-to.pdf>
Package pdftex.def Info: cifar100_def_param_vs_adv_failure_rate-eps-converted-to.pdf  used on input line 27.
(pdftex.def)             Requested size: 155.24895pt x 107.47952pt.
Package epstopdf Info: Source file: <cifar100_adv_failure_rate_vs_train_time.eps>
(epstopdf)                    date: 2024-01-25 18:48:50
(epstopdf)                    size: 1119532 bytes
(epstopdf)             Output file: <cifar100_adv_failure_rate_vs_train_time-eps-converted-to.pdf>
(epstopdf)                    date: 2024-01-25 18:48:54
(epstopdf)                    size: 1061345 bytes
(epstopdf)             Command: <epstopdf --outfile=cifar100_adv_failure_rate_vs_train_time-eps-converted-to.pdf cifar100_adv_failure_rate_vs_train_time.eps>
(epstopdf)             \includegraphics on input line 31.
Package epstopdf Info: Output file is already uptodate.
<cifar100_adv_failure_rate_vs_train_time-eps-converted-to.pdf, id=943, 521.95pt x 361.35pt>
File: cifar100_adv_failure_rate_vs_train_time-eps-converted-to.pdf Graphic file (type pdf)
<use cifar100_adv_failure_rate_vs_train_time-eps-converted-to.pdf>
Package pdftex.def Info: cifar100_adv_failure_rate_vs_train_time-eps-converted-to.pdf  used on input line 31.
(pdftex.def)             Requested size: 155.24895pt x 107.47952pt.
Package epstopdf Info: Source file: <cifar100_ben_failures_per_train_time_vs_defence_type.eps>
(epstopdf)                    date: 2024-01-25 18:48:51
(epstopdf)                    size: 119954 bytes
(epstopdf)             Output file: <cifar100_ben_failures_per_train_time_vs_defence_type-eps-converted-to.pdf>
(epstopdf)                    date: 2024-01-25 18:48:54
(epstopdf)                    size: 63838 bytes
(epstopdf)             Command: <epstopdf --outfile=cifar100_ben_failures_per_train_time_vs_defence_type-eps-converted-to.pdf cifar100_ben_failures_per_train_time_vs_defence_type.eps>
(epstopdf)             \includegraphics on input line 41.
Package epstopdf Info: Output file is already uptodate.
<cifar100_ben_failures_per_train_time_vs_defence_type-eps-converted-to.pdf, id=946, 323.2075pt x 329.23pt>
File: cifar100_ben_failures_per_train_time_vs_defence_type-eps-converted-to.pdf Graphic file (type pdf)
<use cifar100_ben_failures_per_train_time_vs_defence_type-eps-converted-to.pdf>
Package pdftex.def Info: cifar100_ben_failures_per_train_time_vs_defence_type-eps-converted-to.pdf  used on input line 41.
(pdftex.def)             Requested size: 96.59958pt x 98.39801pt.
Package epstopdf Info: Source file: <cifar100_adv_failures_per_train_time_vs_defence_type.eps>
(epstopdf)                    date: 2024-01-25 18:48:50
(epstopdf)                    size: 118433 bytes
(epstopdf)             Output file: <cifar100_adv_failures_per_train_time_vs_defence_type-eps-converted-to.pdf>
(epstopdf)                    date: 2024-01-25 18:48:54
(epstopdf)                    size: 62808 bytes
(epstopdf)             Command: <epstopdf --outfile=cifar100_adv_failures_per_train_time_vs_defence_type-eps-converted-to.pdf cifar100_adv_failures_per_train_time_vs_defence_type.eps>
(epstopdf)             \includegraphics on input line 44.
Package epstopdf Info: Output file is already uptodate.
<cifar100_adv_failures_per_train_time_vs_defence_type-eps-converted-to.pdf, id=947, 323.2075pt x 329.23pt>
File: cifar100_adv_failures_per_train_time_vs_defence_type-eps-converted-to.pdf Graphic file (type pdf)
<use cifar100_adv_failures_per_train_time_vs_defence_type-eps-converted-to.pdf>
Package pdftex.def Info: cifar100_adv_failures_per_train_time_vs_defence_type-eps-converted-to.pdf  used on input line 44.
(pdftex.def)             Requested size: 96.59958pt x 98.39801pt.
Package epstopdf Info: Source file: <cifar100_adv_failures_per_train_time_vs_attack_type.eps>
(epstopdf)                    date: 2024-01-25 18:48:50
(epstopdf)                    size: 131078 bytes
(epstopdf)             Output file: <cifar100_adv_failures_per_train_time_vs_attack_type-eps-converted-to.pdf>
(epstopdf)                    date: 2024-01-25 18:48:54
(epstopdf)                    size: 66290 bytes
(epstopdf)             Command: <epstopdf --outfile=cifar100_adv_failures_per_train_time_vs_attack_type-eps-converted-to.pdf cifar100_adv_failures_per_train_time_vs_attack_type.eps>
(epstopdf)             \includegraphics on input line 48.
Package epstopdf Info: Output file is already uptodate.
<cifar100_adv_failures_per_train_time_vs_attack_type-eps-converted-to.pdf, id=948, 501.875pt x 331.2375pt>
File: cifar100_adv_failures_per_train_time_vs_attack_type-eps-converted-to.pdf Graphic file (type pdf)
<use cifar100_adv_failures_per_train_time_vs_attack_type-eps-converted-to.pdf>
Package pdftex.def Info: cifar100_adv_failures_per_train_time_vs_attack_type-eps-converted-to.pdf  used on input line 48.
(pdftex.def)             Requested size: 144.89937pt x 95.63185pt.
Package epstopdf Info: Source file: <mnist_ben_accuracy_vs_defence_type.eps>
(epstopdf)                    date: 2024-01-25 18:48:50
(epstopdf)                    size: 101387 bytes
(epstopdf)             Output file: <mnist_ben_accuracy_vs_defence_type-eps-converted-to.pdf>
(epstopdf)                    date: 2024-01-25 18:48:55
(epstopdf)                    size: 41040 bytes
(epstopdf)             Command: <epstopdf --outfile=mnist_ben_accuracy_vs_defence_type-eps-converted-to.pdf mnist_ben_accuracy_vs_defence_type.eps>
(epstopdf)             \includegraphics on input line 63.
Package epstopdf Info: Output file is already uptodate.
<mnist_ben_accuracy_vs_defence_type-eps-converted-to.pdf, id=957, 335.2525pt x 329.23pt>
File: mnist_ben_accuracy_vs_defence_type-eps-converted-to.pdf Graphic file (type pdf)
<use mnist_ben_accuracy_vs_defence_type-eps-converted-to.pdf>
Package pdftex.def Info: mnist_ben_accuracy_vs_defence_type-eps-converted-to.pdf  used on input line 63.
(pdftex.def)             Requested size: 93.15147pt x 91.47543pt.
Package epstopdf Info: Source file: <mnist_adv_accuracy_vs_defence_type.eps>
(epstopdf)                    date: 2024-01-25 18:48:50
(epstopdf)                    size: 105721 bytes
(epstopdf)             Output file: <mnist_adv_accuracy_vs_defence_type-eps-converted-to.pdf>
(epstopdf)                    date: 2024-01-25 18:48:55
(epstopdf)                    size: 35248 bytes
(epstopdf)             Command: <epstopdf --outfile=mnist_adv_accuracy_vs_defence_type-eps-converted-to.pdf mnist_adv_accuracy_vs_defence_type.eps>
(epstopdf)             \includegraphics on input line 67.
Package epstopdf Info: Output file is already uptodate.
<mnist_adv_accuracy_vs_defence_type-eps-converted-to.pdf, id=958, 315.1775pt x 325.215pt>
File: mnist_adv_accuracy_vs_defence_type-eps-converted-to.pdf Graphic file (type pdf)
<use mnist_adv_accuracy_vs_defence_type-eps-converted-to.pdf>
Package pdftex.def Info: mnist_adv_accuracy_vs_defence_type-eps-converted-to.pdf  used on input line 67.
(pdftex.def)             Requested size: 93.15147pt x 96.11623pt.
Package epstopdf Info: Source file: <mnist_adv_accuracy_vs_attack_type.eps>
(epstopdf)                    date: 2024-01-25 18:48:50
(epstopdf)                    size: 113600 bytes
(epstopdf)             Output file: <mnist_adv_accuracy_vs_attack_type-eps-converted-to.pdf>
(epstopdf)                    date: 2024-01-25 18:48:55
(epstopdf)                    size: 40134 bytes
(epstopdf)             Command: <epstopdf --outfile=mnist_adv_accuracy_vs_attack_type-eps-converted-to.pdf mnist_adv_accuracy_vs_attack_type.eps>
(epstopdf)             \includegraphics on input line 71.
Package epstopdf Info: Output file is already uptodate.
<mnist_adv_accuracy_vs_attack_type-eps-converted-to.pdf, id=959, 493.845pt x 325.215pt>
File: mnist_adv_accuracy_vs_attack_type-eps-converted-to.pdf Graphic file (type pdf)
<use mnist_adv_accuracy_vs_attack_type-eps-converted-to.pdf>
Package pdftex.def Info: mnist_adv_accuracy_vs_attack_type-eps-converted-to.pdf  used on input line 71.
(pdftex.def)             Requested size: 124.20021pt x 81.78986pt.
Package epstopdf Info: Source file: <mnist_def_param_vs_accuracy.eps>
(epstopdf)                    date: 2024-01-25 18:48:50
(epstopdf)                    size: 38915 bytes
(epstopdf)             Output file: <mnist_def_param_vs_accuracy-eps-converted-to.pdf>
(epstopdf)                    date: 2024-01-25 18:48:55
(epstopdf)                    size: 22261 bytes
(epstopdf)             Command: <epstopdf --outfile=mnist_def_param_vs_accuracy-eps-converted-to.pdf mnist_def_param_vs_accuracy.eps>
(epstopdf)             \includegraphics on input line 81.
Package epstopdf Info: Output file is already uptodate.
<mnist_def_param_vs_accuracy-eps-converted-to.pdf, id=962, 521.95pt x 361.35pt>
File: mnist_def_param_vs_accuracy-eps-converted-to.pdf Graphic file (type pdf)
<use mnist_def_param_vs_accuracy-eps-converted-to.pdf>
Package pdftex.def Info: mnist_def_param_vs_accuracy-eps-converted-to.pdf  used on input line 81.
(pdftex.def)             Requested size: 155.24895pt x 107.47952pt.
Package epstopdf Info: Source file: <mnist_atk_param_vs_accuracy.eps>
(epstopdf)                    date: 2024-01-25 18:48:50
(epstopdf)                    size: 37588 bytes
(epstopdf)             Output file: <mnist_atk_param_vs_accuracy-eps-converted-to.pdf>
(epstopdf)                    date: 2024-01-25 18:48:55
(epstopdf)                    size: 22463 bytes
(epstopdf)             Command: <epstopdf --outfile=mnist_atk_param_vs_accuracy-eps-converted-to.pdf mnist_atk_param_vs_accuracy.eps>
(epstopdf)             \includegraphics on input line 85.
Package epstopdf Info: Output file is already uptodate.
<mnist_atk_param_vs_accuracy-eps-converted-to.pdf, id=963, 521.95pt x 361.35pt>
File: mnist_atk_param_vs_accuracy-eps-converted-to.pdf Graphic file (type pdf)
<use mnist_atk_param_vs_accuracy-eps-converted-to.pdf>
Package pdftex.def Info: mnist_atk_param_vs_accuracy-eps-converted-to.pdf  used on input line 85.
(pdftex.def)             Requested size: 155.24895pt x 107.47952pt.
Package epstopdf Info: Source file: <mnist_def_param_vs_adv_failure_rate.eps>
(epstopdf)                    date: 2024-01-25 18:48:50
(epstopdf)                    size: 37591 bytes
(epstopdf)             Output file: <mnist_def_param_vs_adv_failure_rate-eps-converted-to.pdf>
(epstopdf)                    date: 2024-01-25 18:48:55
(epstopdf)                    size: 21928 bytes
(epstopdf)             Command: <epstopdf --outfile=mnist_def_param_vs_adv_failure_rate-eps-converted-to.pdf mnist_def_param_vs_adv_failure_rate.eps>
(epstopdf)             \includegraphics on input line 94.
Package epstopdf Info: Output file is already uptodate.
<mnist_def_param_vs_adv_failure_rate-eps-converted-to.pdf, id=964, 521.95pt x 361.35pt>
File: mnist_def_param_vs_adv_failure_rate-eps-converted-to.pdf Graphic file (type pdf)
<use mnist_def_param_vs_adv_failure_rate-eps-converted-to.pdf>
Package pdftex.def Info: mnist_def_param_vs_adv_failure_rate-eps-converted-to.pdf  used on input line 94.
(pdftex.def)             Requested size: 155.24895pt x 107.47952pt.
Package epstopdf Info: Source file: <mnist_adv_failure_rate_vs_train_time.eps>
(epstopdf)                    date: 2024-01-25 18:48:50
(epstopdf)                    size: 798361 bytes
(epstopdf)             Output file: <mnist_adv_failure_rate_vs_train_time-eps-converted-to.pdf>
(epstopdf)                    date: 2024-01-25 18:48:56
(epstopdf)                    size: 753173 bytes
(epstopdf)             Command: <epstopdf --outfile=mnist_adv_failure_rate_vs_train_time-eps-converted-to.pdf mnist_adv_failure_rate_vs_train_time.eps>
(epstopdf)             \includegraphics on input line 98.
Package epstopdf Info: Output file is already uptodate.
<mnist_adv_failure_rate_vs_train_time-eps-converted-to.pdf, id=965, 521.95pt x 361.35pt>
File: mnist_adv_failure_rate_vs_train_time-eps-converted-to.pdf Graphic file (type pdf)
<use mnist_adv_failure_rate_vs_train_time-eps-converted-to.pdf>
Package pdftex.def Info: mnist_adv_failure_rate_vs_train_time-eps-converted-to.pdf  used on input line 98.
(pdftex.def)             Requested size: 155.24895pt x 107.47952pt.
Package epstopdf Info: Source file: <mnist_ben_failures_per_train_time_vs_defence_type.eps>
(epstopdf)                    date: 2024-01-25 18:48:50
(epstopdf)                    size: 115789 bytes
(epstopdf)             Output file: <mnist_ben_failures_per_train_time_vs_defence_type-eps-converted-to.pdf>
(epstopdf)                    date: 2024-01-25 18:48:56
(epstopdf)                    size: 60410 bytes
(epstopdf)             Command: <epstopdf --outfile=mnist_ben_failures_per_train_time_vs_defence_type-eps-converted-to.pdf mnist_ben_failures_per_train_time_vs_defence_type.eps>
(epstopdf)             \includegraphics on input line 108.
Package epstopdf Info: Output file is already uptodate.
<mnist_ben_failures_per_train_time_vs_defence_type-eps-converted-to.pdf, id=966, 323.2075pt x 329.23pt>
File: mnist_ben_failures_per_train_time_vs_defence_type-eps-converted-to.pdf Graphic file (type pdf)
<use mnist_ben_failures_per_train_time_vs_defence_type-eps-converted-to.pdf>
Package pdftex.def Info: mnist_ben_failures_per_train_time_vs_defence_type-eps-converted-to.pdf  used on input line 108.
(pdftex.def)             Requested size: 103.50105pt x 105.42607pt.
Package epstopdf Info: Source file: <mnist_adv_failures_per_train_time_vs_defence_type.eps>
(epstopdf)                    date: 2024-01-25 18:48:50
(epstopdf)                    size: 115093 bytes
(epstopdf)             Output file: <mnist_adv_failures_per_train_time_vs_defence_type-eps-converted-to.pdf>
(epstopdf)                    date: 2024-01-25 18:48:57
(epstopdf)                    size: 61924 bytes
(epstopdf)             Command: <epstopdf --outfile=mnist_adv_failures_per_train_time_vs_defence_type-eps-converted-to.pdf mnist_adv_failures_per_train_time_vs_defence_type.eps>
(epstopdf)             \includegraphics on input line 111.
Package epstopdf Info: Output file is already uptodate.
<mnist_adv_failures_per_train_time_vs_defence_type-eps-converted-to.pdf, id=967, 323.2075pt x 329.23pt>
File: mnist_adv_failures_per_train_time_vs_defence_type-eps-converted-to.pdf Graphic file (type pdf)
<use mnist_adv_failures_per_train_time_vs_defence_type-eps-converted-to.pdf>
Package pdftex.def Info: mnist_adv_failures_per_train_time_vs_defence_type-eps-converted-to.pdf  used on input line 111.
(pdftex.def)             Requested size: 103.50105pt x 105.42607pt.
Package epstopdf Info: Source file: <mnist_adv_failures_per_train_time_vs_attack_type.eps>
(epstopdf)                    date: 2024-01-25 18:48:50
(epstopdf)                    size: 123085 bytes
(epstopdf)             Output file: <mnist_adv_failures_per_train_time_vs_attack_type-eps-converted-to.pdf>
(epstopdf)                    date: 2024-01-25 18:48:57
(epstopdf)                    size: 67293 bytes
(epstopdf)             Command: <epstopdf --outfile=mnist_adv_failures_per_train_time_vs_attack_type-eps-converted-to.pdf mnist_adv_failures_per_train_time_vs_attack_type.eps>
(epstopdf)             \includegraphics on input line 115.
Package epstopdf Info: Output file is already uptodate.
<mnist_adv_failures_per_train_time_vs_attack_type-eps-converted-to.pdf, id=968, 501.875pt x 331.2375pt>
File: mnist_adv_failures_per_train_time_vs_attack_type-eps-converted-to.pdf Graphic file (type pdf)
<use mnist_adv_failures_per_train_time_vs_attack_type-eps-converted-to.pdf>
Package pdftex.def Info: mnist_adv_failures_per_train_time_vs_attack_type-eps-converted-to.pdf  used on input line 115.
(pdftex.def)             Requested size: 120.7521pt x 79.69572pt.
Package epstopdf Info: Source file: <mnist_weibull_aft.eps>
(epstopdf)                    date: 2024-01-25 18:48:50
(epstopdf)                    size: 45762 bytes
(epstopdf)             Output file: <mnist_weibull_aft-eps-converted-to.pdf>
(epstopdf)                    date: 2024-01-25 18:48:57
(epstopdf)                    size: 30722 bytes
(epstopdf)             Command: <epstopdf --outfile=mnist_weibull_aft-eps-converted-to.pdf mnist_weibull_aft.eps>
(epstopdf)             \includegraphics on input line 126.
Package epstopdf Info: Output file is already uptodate.
<mnist_weibull_aft-eps-converted-to.pdf, id=971, 463.7325pt x 347.2975pt>
File: mnist_weibull_aft-eps-converted-to.pdf Graphic file (type pdf)
<use mnist_weibull_aft-eps-converted-to.pdf>
Package pdftex.def Info: mnist_weibull_aft-eps-converted-to.pdf  used on input line 126.
(pdftex.def)             Requested size: 103.50105pt x 77.51324pt.
Package epstopdf Info: Source file: <mnist_log_normal_aft.eps>
(epstopdf)                    date: 2024-01-25 18:48:50
(epstopdf)                    size: 48850 bytes
(epstopdf)             Output file: <mnist_log_normal_aft-eps-converted-to.pdf>
(epstopdf)                    date: 2024-01-25 18:48:57
(epstopdf)                    size: 32598 bytes
(epstopdf)             Command: <epstopdf --outfile=mnist_log_normal_aft-eps-converted-to.pdf mnist_log_normal_aft.eps>
(epstopdf)             \includegraphics on input line 131.
Package epstopdf Info: Output file is already uptodate.
<mnist_log_normal_aft-eps-converted-to.pdf, id=972, 463.7325pt x 347.2975pt>
File: mnist_log_normal_aft-eps-converted-to.pdf Graphic file (type pdf)
<use mnist_log_normal_aft-eps-converted-to.pdf>
Package pdftex.def Info: mnist_log_normal_aft-eps-converted-to.pdf  used on input line 131.
(pdftex.def)             Requested size: 103.50105pt x 77.51324pt.
Package epstopdf Info: Source file: <mnist_log_logistic_aft.eps>
(epstopdf)                    date: 2024-01-25 18:48:50
(epstopdf)                    size: 46346 bytes
(epstopdf)             Output file: <mnist_log_logistic_aft-eps-converted-to.pdf>
(epstopdf)                    date: 2024-01-25 18:48:57
(epstopdf)                    size: 31249 bytes
(epstopdf)             Command: <epstopdf --outfile=mnist_log_logistic_aft-eps-converted-to.pdf mnist_log_logistic_aft.eps>
(epstopdf)             \includegraphics on input line 136.
Package epstopdf Info: Output file is already uptodate.
<mnist_log_logistic_aft-eps-converted-to.pdf, id=973, 463.7325pt x 347.2975pt>
File: mnist_log_logistic_aft-eps-converted-to.pdf Graphic file (type pdf)
<use mnist_log_logistic_aft-eps-converted-to.pdf>
Package pdftex.def Info: mnist_log_logistic_aft-eps-converted-to.pdf  used on input line 136.
(pdftex.def)             Requested size: 103.50105pt x 77.51324pt.
Package epstopdf Info: Source file: <mnist_log_normal_layers_partial_effect.eps>
(epstopdf)                    date: 2024-01-25 18:48:50
(epstopdf)                    size: 44994 bytes
(epstopdf)             Output file: <mnist_log_normal_layers_partial_effect-eps-converted-to.pdf>
(epstopdf)                    date: 2024-01-25 18:48:57
(epstopdf)                    size: 26503 bytes
(epstopdf)             Command: <epstopdf --outfile=mnist_log_normal_layers_partial_effect-eps-converted-to.pdf mnist_log_normal_layers_partial_effect.eps>
(epstopdf)             \includegraphics on input line 144.
Package epstopdf Info: Output file is already uptodate.
<mnist_log_normal_layers_partial_effect-eps-converted-to.pdf, id=976, 463.7325pt x 347.2975pt>
File: mnist_log_normal_layers_partial_effect-eps-converted-to.pdf Graphic file (type pdf)
<use mnist_log_normal_layers_partial_effect-eps-converted-to.pdf>
Package pdftex.def Info: mnist_log_normal_layers_partial_effect-eps-converted-to.pdf  used on input line 144.
(pdftex.def)             Requested size: 172.5pt x 129.18697pt.
Package epstopdf Info: Source file: <cifar_ben_accuracy_vs_defence_type.eps>
(epstopdf)                    date: 2024-01-25 18:48:50
(epstopdf)                    size: 83244 bytes
(epstopdf)             Output file: <cifar_ben_accuracy_vs_defence_type-eps-converted-to.pdf>
(epstopdf)                    date: 2024-01-25 18:48:57
(epstopdf)                    size: 36934 bytes
(epstopdf)             Command: <epstopdf --outfile=cifar_ben_accuracy_vs_defence_type-eps-converted-to.pdf cifar_ben_accuracy_vs_defence_type.eps>
(epstopdf)             \includegraphics on input line 156.
Package epstopdf Info: Output file is already uptodate.
<cifar_ben_accuracy_vs_defence_type-eps-converted-to.pdf, id=979, 325.215pt x 329.23pt>
File: cifar_ben_accuracy_vs_defence_type-eps-converted-to.pdf Graphic file (type pdf)
<use cifar_ben_accuracy_vs_defence_type-eps-converted-to.pdf>
Package pdftex.def Info: cifar_ben_accuracy_vs_defence_type-eps-converted-to.pdf  used on input line 156.
(pdftex.def)             Requested size: 93.15147pt x 94.29872pt.
Package epstopdf Info: Source file: <cifar_adv_accuracy_vs_defence_type.eps>
(epstopdf)                    date: 2024-01-25 18:48:50
(epstopdf)                    size: 98548 bytes
(epstopdf)             Output file: <cifar_adv_accuracy_vs_defence_type-eps-converted-to.pdf>
(epstopdf)                    date: 2024-01-25 18:48:58
(epstopdf)                    size: 37078 bytes
(epstopdf)             Command: <epstopdf --outfile=cifar_adv_accuracy_vs_defence_type-eps-converted-to.pdf cifar_adv_accuracy_vs_defence_type.eps>
(epstopdf)             \includegraphics on input line 160.
Package epstopdf Info: Output file is already uptodate.
<cifar_adv_accuracy_vs_defence_type-eps-converted-to.pdf, id=980, 503.8825pt x 329.23pt>
File: cifar_adv_accuracy_vs_defence_type-eps-converted-to.pdf Graphic file (type pdf)
<use cifar_adv_accuracy_vs_defence_type-eps-converted-to.pdf>
Package pdftex.def Info: cifar_adv_accuracy_vs_defence_type-eps-converted-to.pdf  used on input line 160.
(pdftex.def)             Requested size: 93.15147pt x 60.86137pt.
Package epstopdf Info: Source file: <cifar_adv_accuracy_vs_attack_type.eps>
(epstopdf)                    date: 2024-01-25 18:48:50
(epstopdf)                    size: 106575 bytes
(epstopdf)             Output file: <cifar_adv_accuracy_vs_attack_type-eps-converted-to.pdf>
(epstopdf)                    date: 2024-01-25 18:48:58
(epstopdf)                    size: 41145 bytes
(epstopdf)             Command: <epstopdf --outfile=cifar_adv_accuracy_vs_attack_type-eps-converted-to.pdf cifar_adv_accuracy_vs_attack_type.eps>
(epstopdf)             \includegraphics on input line 164.
Package epstopdf Info: Output file is already uptodate.
<cifar_adv_accuracy_vs_attack_type-eps-converted-to.pdf, id=981, 503.8825pt x 331.2375pt>
File: cifar_adv_accuracy_vs_attack_type-eps-converted-to.pdf Graphic file (type pdf)
<use cifar_adv_accuracy_vs_attack_type-eps-converted-to.pdf>
Package pdftex.def Info: cifar_adv_accuracy_vs_attack_type-eps-converted-to.pdf  used on input line 164.
(pdftex.def)             Requested size: 124.20021pt x 81.64163pt.
[21 <./cifar_def_param_vs_accuracy-eps-converted-to.pdf> <./cifar_atk_param_vs_accuracy-eps-converted-to.pdf>] [22 <./cifar100_def_param_vs_adv_failure_rate-eps-converted-to.pdf> <./cifar100_adv_failure_rate_vs_train_time-eps-converted-to.pdf> <./cifar100_ben_failures_per_train_time_vs_defence_type-eps-converted-to.pdf> <./cifar100_adv_failures_per_train_time_vs_defence_type-eps-converted-to.pdf> <./cifar100_adv_failures_per_train_time_vs_attack_type-eps-converted-to.pdf> <./mnist_ben_accuracy_vs_defence_type-eps-converted-to.pdf> <./mnist_adv_accuracy_vs_defence_type-eps-converted-to.pdf> <./mnist_adv_accuracy_vs_attack_type-eps-converted-to.pdf>] [23 <./mnist_def_param_vs_accuracy-eps-converted-to.pdf> <./mnist_atk_param_vs_accuracy-eps-converted-to.pdf> <./mnist_def_param_vs_adv_failure_rate-eps-converted-to.pdf> <./mnist_adv_failure_rate_vs_train_time-eps-converted-to.pdf> <./mnist_ben_failures_per_train_time_vs_defence_type-eps-converted-to.pdf> <./mnist_adv_failures_per_train_time_vs_defence_type-eps-co
nverted-to.pdf> <./mnist_adv_failures_per_train_time_vs_attack_type-eps-converted-to.pdf>] [24 <./mnist_weibull_aft-eps-converted-to.pdf> <./mnist_log_normal_aft-eps-converted-to.pdf> <./mnist_log_logistic_aft-eps-converted-to.pdf> <./mnist_log_normal_layers_partial_effect-eps-converted-to.pdf>]
Package epstopdf Info: Source file: <cifar_def_param_vs_accuracy.eps>
(epstopdf)                    date: 2024-01-25 18:48:50
(epstopdf)                    size: 35480 bytes
(epstopdf)             Output file: <cifar_def_param_vs_accuracy-eps-converted-to.pdf>
(epstopdf)                    date: 2024-01-25 18:48:52
(epstopdf)                    size: 20407 bytes
(epstopdf)             Command: <epstopdf --outfile=cifar_def_param_vs_accuracy-eps-converted-to.pdf cifar_def_param_vs_accuracy.eps>
(epstopdf)             \includegraphics on input line 174.
Package epstopdf Info: Output file is already uptodate.
File: cifar_def_param_vs_accuracy-eps-converted-to.pdf Graphic file (type pdf)
<use cifar_def_param_vs_accuracy-eps-converted-to.pdf>
Package pdftex.def Info: cifar_def_param_vs_accuracy-eps-converted-to.pdf  used on input line 174.
(pdftex.def)             Requested size: 155.24895pt x 107.47952pt.
Package epstopdf Info: Source file: <cifar_atk_param_vs_accuracy.eps>
(epstopdf)                    date: 2024-01-25 18:48:50
(epstopdf)                    size: 37493 bytes
(epstopdf)             Output file: <cifar_atk_param_vs_accuracy-eps-converted-to.pdf>
(epstopdf)                    date: 2024-01-25 18:48:52
(epstopdf)                    size: 22568 bytes
(epstopdf)             Command: <epstopdf --outfile=cifar_atk_param_vs_accuracy-eps-converted-to.pdf cifar_atk_param_vs_accuracy.eps>
(epstopdf)             \includegraphics on input line 178.
Package epstopdf Info: Output file is already uptodate.
File: cifar_atk_param_vs_accuracy-eps-converted-to.pdf Graphic file (type pdf)
<use cifar_atk_param_vs_accuracy-eps-converted-to.pdf>
Package pdftex.def Info: cifar_atk_param_vs_accuracy-eps-converted-to.pdf  used on input line 178.
(pdftex.def)             Requested size: 155.24895pt x 107.47952pt.
Package epstopdf Info: Source file: <cifar_def_param_vs_adv_failure_rate.eps>
(epstopdf)                    date: 2024-01-25 18:48:50
(epstopdf)                    size: 35333 bytes
(epstopdf)             Output file: <cifar_def_param_vs_adv_failure_rate-eps-converted-to.pdf>
(epstopdf)                    date: 2024-01-25 18:48:58
(epstopdf)                    size: 21270 bytes
(epstopdf)             Command: <epstopdf --outfile=cifar_def_param_vs_adv_failure_rate-eps-converted-to.pdf cifar_def_param_vs_adv_failure_rate.eps>
(epstopdf)             \includegraphics on input line 187.
Package epstopdf Info: Output file is already uptodate.
<cifar_def_param_vs_adv_failure_rate-eps-converted-to.pdf, id=1994, 521.95pt x 361.35pt>
File: cifar_def_param_vs_adv_failure_rate-eps-converted-to.pdf Graphic file (type pdf)
<use cifar_def_param_vs_adv_failure_rate-eps-converted-to.pdf>
Package pdftex.def Info: cifar_def_param_vs_adv_failure_rate-eps-converted-to.pdf  used on input line 187.
(pdftex.def)             Requested size: 155.24895pt x 107.47952pt.
Package epstopdf Info: Source file: <cifar_adv_failure_rate_vs_train_time.eps>
(epstopdf)                    date: 2024-01-25 18:48:50
(epstopdf)                    size: 515331 bytes
(epstopdf)             Output file: <cifar_adv_failure_rate_vs_train_time-eps-converted-to.pdf>
(epstopdf)                    date: 2024-01-25 18:48:58
(epstopdf)                    size: 486465 bytes
(epstopdf)             Command: <epstopdf --outfile=cifar_adv_failure_rate_vs_train_time-eps-converted-to.pdf cifar_adv_failure_rate_vs_train_time.eps>
(epstopdf)             \includegraphics on input line 191.
Package epstopdf Info: Output file is already uptodate.
<cifar_adv_failure_rate_vs_train_time-eps-converted-to.pdf, id=1995, 521.95pt x 361.35pt>
File: cifar_adv_failure_rate_vs_train_time-eps-converted-to.pdf Graphic file (type pdf)
<use cifar_adv_failure_rate_vs_train_time-eps-converted-to.pdf>
Package pdftex.def Info: cifar_adv_failure_rate_vs_train_time-eps-converted-to.pdf  used on input line 191.
(pdftex.def)             Requested size: 155.24895pt x 107.47952pt.
Package epstopdf Info: Source file: <cifar_ben_failures_per_train_time_vs_defence_type.eps>
(epstopdf)                    date: 2024-01-25 18:48:50
(epstopdf)                    size: 97915 bytes
(epstopdf)             Output file: <cifar_ben_failures_per_train_time_vs_defence_type-eps-converted-to.pdf>
(epstopdf)                    date: 2024-01-25 18:48:59
(epstopdf)                    size: 54565 bytes
(epstopdf)             Command: <epstopdf --outfile=cifar_ben_failures_per_train_time_vs_defence_type-eps-converted-to.pdf cifar_ben_failures_per_train_time_vs_defence_type.eps>
(epstopdf)             \includegraphics on input line 201.
Package epstopdf Info: Output file is already uptodate.
<cifar_ben_failures_per_train_time_vs_defence_type-eps-converted-to.pdf, id=1996, 323.2075pt x 329.23pt>
File: cifar_ben_failures_per_train_time_vs_defence_type-eps-converted-to.pdf Graphic file (type pdf)
<use cifar_ben_failures_per_train_time_vs_defence_type-eps-converted-to.pdf>
Package pdftex.def Info: cifar_ben_failures_per_train_time_vs_defence_type-eps-converted-to.pdf  used on input line 201.
(pdftex.def)             Requested size: 103.50105pt x 105.42607pt.
Package epstopdf Info: Source file: <cifar_adv_failures_per_train_time_vs_defence_type.eps>
(epstopdf)                    date: 2024-01-25 18:48:50
(epstopdf)                    size: 96193 bytes
(epstopdf)             Output file: <cifar_adv_failures_per_train_time_vs_defence_type-eps-converted-to.pdf>
(epstopdf)                    date: 2024-01-25 18:48:59
(epstopdf)                    size: 54543 bytes
(epstopdf)             Command: <epstopdf --outfile=cifar_adv_failures_per_train_time_vs_defence_type-eps-converted-to.pdf cifar_adv_failures_per_train_time_vs_defence_type.eps>
(epstopdf)             \includegraphics on input line 204.
Package epstopdf Info: Output file is already uptodate.
<cifar_adv_failures_per_train_time_vs_defence_type-eps-converted-to.pdf, id=1997, 323.2075pt x 329.23pt>
File: cifar_adv_failures_per_train_time_vs_defence_type-eps-converted-to.pdf Graphic file (type pdf)
<use cifar_adv_failures_per_train_time_vs_defence_type-eps-converted-to.pdf>
Package pdftex.def Info: cifar_adv_failures_per_train_time_vs_defence_type-eps-converted-to.pdf  used on input line 204.
(pdftex.def)             Requested size: 103.50105pt x 105.42607pt.
Package epstopdf Info: Source file: <cifar_adv_failures_per_train_time_vs_attack_type.eps>
(epstopdf)                    date: 2024-01-25 18:48:50
(epstopdf)                    size: 114473 bytes
(epstopdf)             Output file: <cifar_adv_failures_per_train_time_vs_attack_type-eps-converted-to.pdf>
(epstopdf)                    date: 2024-01-25 18:48:59
(epstopdf)                    size: 65216 bytes
(epstopdf)             Command: <epstopdf --outfile=cifar_adv_failures_per_train_time_vs_attack_type-eps-converted-to.pdf cifar_adv_failures_per_train_time_vs_attack_type.eps>
(epstopdf)             \includegraphics on input line 208.
Package epstopdf Info: Output file is already uptodate.
<cifar_adv_failures_per_train_time_vs_attack_type-eps-converted-to.pdf, id=1998, 501.875pt x 331.2375pt>
File: cifar_adv_failures_per_train_time_vs_attack_type-eps-converted-to.pdf Graphic file (type pdf)
<use cifar_adv_failures_per_train_time_vs_attack_type-eps-converted-to.pdf>
Package pdftex.def Info: cifar_adv_failures_per_train_time_vs_attack_type-eps-converted-to.pdf  used on input line 208.
(pdftex.def)             Requested size: 120.7521pt x 79.69572pt.
Package epstopdf Info: Source file: <cifar_weibull_aft.eps>
(epstopdf)                    date: 2024-01-25 18:48:50
(epstopdf)                    size: 45761 bytes
(epstopdf)             Output file: <cifar_weibull_aft-eps-converted-to.pdf>
(epstopdf)                    date: 2024-01-25 18:48:59
(epstopdf)                    size: 30724 bytes
(epstopdf)             Command: <epstopdf --outfile=cifar_weibull_aft-eps-converted-to.pdf cifar_weibull_aft.eps>
(epstopdf)             \includegraphics on input line 219.
Package epstopdf Info: Output file is already uptodate.
<cifar_weibull_aft-eps-converted-to.pdf, id=2001, 463.7325pt x 347.2975pt>
File: cifar_weibull_aft-eps-converted-to.pdf Graphic file (type pdf)
<use cifar_weibull_aft-eps-converted-to.pdf>
Package pdftex.def Info: cifar_weibull_aft-eps-converted-to.pdf  used on input line 219.
(pdftex.def)             Requested size: 103.50105pt x 77.51324pt.
Package epstopdf Info: Source file: <cifar_log_normal_aft.eps>
(epstopdf)                    date: 2024-01-25 18:48:50
(epstopdf)                    size: 47357 bytes
(epstopdf)             Output file: <cifar_log_normal_aft-eps-converted-to.pdf>
(epstopdf)                    date: 2024-01-25 18:48:59
(epstopdf)                    size: 31705 bytes
(epstopdf)             Command: <epstopdf --outfile=cifar_log_normal_aft-eps-converted-to.pdf cifar_log_normal_aft.eps>
(epstopdf)             \includegraphics on input line 224.
Package epstopdf Info: Output file is already uptodate.
<cifar_log_normal_aft-eps-converted-to.pdf, id=2002, 463.7325pt x 347.2975pt>
File: cifar_log_normal_aft-eps-converted-to.pdf Graphic file (type pdf)
<use cifar_log_normal_aft-eps-converted-to.pdf>
Package pdftex.def Info: cifar_log_normal_aft-eps-converted-to.pdf  used on input line 224.
(pdftex.def)             Requested size: 103.50105pt x 77.51324pt.
Package epstopdf Info: Source file: <cifar_log_logistic_aft.eps>
(epstopdf)                    date: 2024-01-25 18:48:50
(epstopdf)                    size: 46602 bytes
(epstopdf)             Output file: <cifar_log_logistic_aft-eps-converted-to.pdf>
(epstopdf)                    date: 2024-01-25 18:48:59
(epstopdf)                    size: 31038 bytes
(epstopdf)             Command: <epstopdf --outfile=cifar_log_logistic_aft-eps-converted-to.pdf cifar_log_logistic_aft.eps>
(epstopdf)             \includegraphics on input line 229.
Package epstopdf Info: Output file is already uptodate.
<cifar_log_logistic_aft-eps-converted-to.pdf, id=2003, 463.7325pt x 347.2975pt>
File: cifar_log_logistic_aft-eps-converted-to.pdf Graphic file (type pdf)
<use cifar_log_logistic_aft-eps-converted-to.pdf>
Package pdftex.def Info: cifar_log_logistic_aft-eps-converted-to.pdf  used on input line 229.
(pdftex.def)             Requested size: 103.50105pt x 77.51324pt.
Package epstopdf Info: Source file: <cifar_log_normal_layers_partial_effect.eps>
(epstopdf)                    date: 2024-01-25 18:48:50
(epstopdf)                    size: 44105 bytes
(epstopdf)             Output file: <cifar_log_normal_layers_partial_effect-eps-converted-to.pdf>
(epstopdf)                    date: 2024-01-25 18:48:59
(epstopdf)                    size: 26426 bytes
(epstopdf)             Command: <epstopdf --outfile=cifar_log_normal_layers_partial_effect-eps-converted-to.pdf cifar_log_normal_layers_partial_effect.eps>
(epstopdf)             \includegraphics on input line 237.
Package epstopdf Info: Output file is already uptodate.
<cifar_log_normal_layers_partial_effect-eps-converted-to.pdf, id=2006, 463.7325pt x 347.2975pt>
File: cifar_log_normal_layers_partial_effect-eps-converted-to.pdf Graphic file (type pdf)
<use cifar_log_normal_layers_partial_effect-eps-converted-to.pdf>
Package pdftex.def Info: cifar_log_normal_layers_partial_effect-eps-converted-to.pdf  used on input line 237.
(pdftex.def)             Requested size: 172.5pt x 129.18697pt.
(./tables.tex
Overfull \hbox (20.72281pt too wide) in paragraph at lines 8--17
 [][] 
 []


Overfull \hbox (20.72281pt too wide) in paragraph at lines 24--33
 [][] 
 []


LaTeX Warning: `!h' float specifier changed to `!ht'.


Overfull \hbox (20.72281pt too wide) in paragraph at lines 40--49
 [][] 
 []


LaTeX Warning: `!h' float specifier changed to `!ht'.

)) [25 <./cifar_ben_accuracy_vs_defence_type-eps-converted-to.pdf> <./cifar_adv_accuracy_vs_defence_type-eps-converted-to.pdf> <./cifar_adv_accuracy_vs_attack_type-eps-converted-to.pdf>] [26 <./cifar_def_param_vs_adv_failure_rate-eps-converted-to.pdf> <./cifar_adv_failure_rate_vs_train_time-eps-converted-to.pdf> <./cifar_ben_failures_per_train_time_vs_defence_type-eps-converted-to.pdf> <./cifar_adv_failures_per_train_time_vs_defence_type-eps-converted-to.pdf> <./cifar_adv_failures_per_train_time_vs_attack_type-eps-converted-to.pdf> <./cifar_weibull_aft-eps-converted-to.pdf> <./cifar_log_normal_aft-eps-converted-to.pdf> <./cifar_log_logistic_aft-eps-converted-to.pdf>] [27 <./cifar_log_normal_layers_partial_effect-eps-converted-to.pdf>] (./output.aux)
 ***********
LaTeX2e <2023-06-01> patch level 1
L3 programming layer <2023-06-30>
 ***********
Package rerunfilecheck Info: File `output.out' has not changed.
(rerunfilecheck)             Checksum: 9FF6143751172D6AFCC05D5CDFF04977;4558.
 ) 
Here is how much of TeX's memory you used:
 12868 strings out of 475237
 212131 string characters out of 5764570
 1934244 words of memory out of 5000000
 33770 multiletter control sequences out of 15000+600000
 567388 words of font info for 72 fonts, out of 8000000 for 9000
 1141 hyphenation exceptions out of 8191
 75i,10n,79p,2623b,677s stack positions out of 10000i,1000n,20000p,200000b,200000s
</usr/local/texlive/2023/texmf-dist/fonts/type1/public/amsfonts/cm/cmbx10.pfb></usr/local/texlive/2023/texmf-dist/fonts/type1/public/amsfonts/cm/cmbx12.pfb></usr/local/texlive/2023/texmf-dist/fonts/type1/public/amsfonts/cm/cmbx9.pfb></usr/local/texlive/2023/texmf-dist/fonts/type1/public/amsfonts/cm/cmex10.pfb></usr/local/texlive/2023/texmf-dist/fonts/type1/public/amsfonts/cm/cmmi10.pfb></usr/local/texlive/2023/texmf-dist/fonts/type1/public/amsfonts/cm/cmmi5.pfb></usr/local/texlive/2023/texmf-dist/fonts/type1/public/amsfonts/cm/cmmi7.pfb></usr/local/texlive/2023/texmf-dist/fonts/type1/public/amsfonts/cm/cmr10.pfb></usr/local/texlive/2023/texmf-dist/fonts/type1/public/amsfonts/cm/cmr12.pfb></usr/local/texlive/2023/texmf-dist/fonts/type1/public/amsfonts/cm/cmr17.pfb></usr/local/texlive/2023/texmf-dist/fonts/type1/public/amsfonts/cm/cmr6.pfb></usr/local/texlive/2023/texmf-dist/fonts/type1/public/amsfonts/cm/cmr7.pfb></usr/local/texlive/2023/texmf-dist/fonts/type1/public/amsfonts/cm/cmr8.pfb></usr/local/texlive/
2023/texmf-dist/fonts/type1/public/amsfonts/cm/cmr9.pfb></usr/local/texlive/2023/texmf-dist/fonts/type1/public/amsfonts/cm/cmsy10.pfb></usr/local/texlive/2023/texmf-dist/fonts/type1/public/amsfonts/cm/cmsy7.pfb></usr/local/texlive/2023/texmf-dist/fonts/type1/public/amsfonts/cm/cmti10.pfb></usr/local/texlive/2023/texmf-dist/fonts/type1/public/amsfonts/cm/cmtt10.pfb></usr/local/texlive/2023/texmf-dist/fonts/type1/public/amsfonts/symbols/msbm10.pfb></usr/local/texlive/2023/texmf-dist/fonts/type1/public/cm-super/sfrm1000.pfb>
Output written on output.pdf (27 pages, 3804282 bytes).
PDF statistics:
 2744 PDF objects out of 2984 (max. 8388607)
 1057 compressed objects within 11 object streams
 155 named destinations out of 1000 (max. 500000)
 442 words of extra memory for PDF output out of 10000 (max. 10000000)

