INFO:  latexindent.pl version 3.23.6, 2024-01-17, a script to indent .tex files
       latexindent.pl lives here: /home/cmeyers/.cache/pre-commit/repob7thufii/perl_env-default/bin/
       Fri Jan 26 05:05:27 2024
       Filenames:
          algorithmic.sty
          3-afr.tex
          mnist/aft_comparison.tex
       total number of files: 3
INFO:  Processing switches:
       -s|--silent: Silent mode active (you have used either -s or --silent)
       -wd|--overwriteIfDifferent: will overwrite ONLY if indented text is different
       -l|--localSettings: Read localSettings YAML file
INFO:  Directory for backup files and indent.log:
       .
INFO:  Perl modules are being loaded from the following directories:
       /usr/share/perl/5.26/FindBin.pm
       /home/cmeyers/.cache/pre-commit/repob7thufii/perl_env-default/lib/perl5/YAML/Tiny.pm
       /usr/share/perl/5.26/File/Copy.pm
       /usr/share/perl/5.26/File/Basename.pm
       /usr/share/perl/5.26/Getopt/Long.pm
       /home/cmeyers/.cache/pre-commit/repob7thufii/perl_env-default/lib/perl5/File/HomeDir.pm
INFO:  LatexIndent perl modules are being loaded from, for example:
       /home/cmeyers/.cache/pre-commit/repob7thufii/perl_env-default/lib/perl5/LatexIndent/Document.pm
INFO:  YAML settings read: defaultSettings.yaml
       Reading defaultSettings.yaml from /home/cmeyers/.cache/pre-commit/repob7thufii/perl_env-default/bin/defaultSettings.yaml
       Reading defaultSettings.yaml (2nd attempt) from /home/cmeyers/.cache/pre-commit/repob7thufii/perl_env-default/bin/../../texmf-dist/scripts/latexindent/defaultSettings.yaml
       and then, if necessary, /home/cmeyers/.cache/pre-commit/repob7thufii/perl_env-default/bin/LatexIndent/defaultSettings.yaml
INFO:  YAML reading settings
       Home directory is /home/cmeyers
       latexindent.pl didn't find indentconfig.yaml or .indentconfig.yaml
       see all possible locations: https://latexindentpl.readthedocs.io/en/latest/sec-appendices.html#indentconfig-options)
INFO:  YAML settings read: -l switch
WARN:  yaml file not found: 2-background.tex.yaml not found. Proceeding without it.
INFO:  Filename: algorithmic.sty (1 of 3)
INFO:  Phase 1: searching for objects
INFO:  Phase 2: finding surrounding indentation
INFO:  Phase 3: indenting objects
INFO:  Phase 4: final indentation check
INFO:  -wd switch active
       Original body matches indented body, NOT overwriting, no backup files created
INFO:  Output routine:
       Not outputting to file; see -w and -o switches for more options.
INFO:  Filename: 3-afr.tex (2 of 3)
INFO:  Phase 1: searching for objects
INFO:  Phase 2: finding surrounding indentation
INFO:  Phase 3: indenting objects
INFO:  Phase 4: final indentation check
INFO:  -wd switch active
       Original body matches indented body, NOT overwriting, no backup files created
INFO:  Output routine:
       Not outputting to file; see -w and -o switches for more options.
INFO:  Filename: mnist/aft_comparison.tex (3 of 3)
INFO:  Phase 1: searching for objects
INFO:  Phase 2: finding surrounding indentation
INFO:  Phase 3: indenting objects
INFO:  Phase 4: final indentation check
INFO:  -wd switch active
       Original body matches indented body, NOT overwriting, no backup files created
INFO:  Output routine:
       Not outputting to file; see -w and -o switches for more options.
       --------------
INFO:  Please direct all communication/issues to:
        https://github.com/cmhughes/latexindent.pl
